<?xml version="1.0" encoding="UTF-8"?>
<!-- Generated by org.testng.reporters.JUnitReportReporter -->
<testsuite hostname="DESKTOP-IJLUITG" failures="0" tests="2" name="com.MyStore.TestCases.IndexPageTest" time="96.282" errors="0" timestamp="2024-03-19T01:22:21 IST" skipped="0">
  <testcase classname="com.MyStore.TestCases.IndexPageTest" name="verifyTitle" time="18.916"/>
  <system-out/>
  <testcase classname="com.MyStore.TestCases.IndexPageTest" name="verifyLogo" time="77.366"/>
  <system-out/>
</testsuite> <!-- com.MyStore.TestCases.IndexPageTest -->
