<?xml version="1.0" encoding="UTF-8"?>
<!-- Generated by org.testng.reporters.JUnitReportReporter -->
<testsuite hostname="DESKTOP-IJLUITG" failures="0" tests="1" name="com.MyStore.TestCases.EndToEndTest" time="48.498" errors="0" timestamp="2024-03-19T01:22:21 IST" skipped="0">
  <testcase classname="com.MyStore.TestCases.EndToEndTest" name="endToEndTest" time="48.498"/>
  <system-out/>
</testsuite> <!-- com.MyStore.TestCases.EndToEndTest -->
