<?xml version="1.0" encoding="UTF-8"?>
<!-- Generated by org.testng.reporters.JUnitReportReporter -->
<testsuite hostname="DESKTOP-IJLUITG" failures="0" tests="1" name="com.MyStore.TestCases.AddToCartPageTest" time="29.836" errors="0" timestamp="2024-03-19T01:22:21 IST" skipped="0">
  <testcase classname="com.MyStore.TestCases.AddToCartPageTest" name="addToCartTest" time="29.836"/>
  <system-out/>
</testsuite> <!-- com.MyStore.TestCases.AddToCartPageTest -->
