<?xml version="1.0" encoding="UTF-8"?>
<!-- Generated by org.testng.reporters.JUnitReportReporter -->
<testsuite hostname="DESKTOP-IJLUITG" failures="0" tests="1" name="com.MyStore.TestCases.HomePageTest" time="19.492" errors="0" timestamp="2024-03-19T01:22:21 IST" skipped="0">
  <testcase classname="com.MyStore.TestCases.HomePageTest" name="verifyOrderHistory" time="19.492"/>
  <system-out/>
</testsuite> <!-- com.MyStore.TestCases.HomePageTest -->
