<?xml version="1.0" encoding="UTF-8"?>
<!-- Generated by org.testng.reporters.JUnitReportReporter -->
<testsuite hostname="DESKTOP-IJLUITG" failures="0" tests="1" name="com.MyStore.TestCases.LoginPageTest" time="18.485" errors="0" timestamp="2024-03-19T01:22:21 IST" skipped="0">
  <testcase classname="com.MyStore.TestCases.LoginPageTest" name="loginTest" time="18.485"/>
  <system-out/>
</testsuite> <!-- com.MyStore.TestCases.LoginPageTest -->
