<?xml version="1.0" encoding="UTF-8"?>
<!-- Generated by org.testng.reporters.JUnitReportReporter -->
<testsuite hostname="DESKTOP-IJLUITG" failures="0" tests="2" name="com.MyStore.TestCases.AccountCreationTest" time="54.474" errors="0" timestamp="2024-03-19T01:22:21 IST" skipped="0">
  <testcase classname="com.MyStore.TestCases.AccountCreationTest" name="createAccount" time="27.050"/>
  <system-out/>
  <testcase classname="com.MyStore.TestCases.AccountCreationTest" name="enterPersonalInformatio" time="27.424"/>
  <system-out/>
</testsuite> <!-- com.MyStore.TestCases.AccountCreationTest -->
